<?xml version="1.0" encoding="UTF-8"?>
<testng-results ignored="0" total="1" passed="1" failed="0" skipped="0">
  <reporter-output>
  </reporter-output>
  <suite started-at="2024-11-30T07:35:48 IST" name="Default suite" finished-at="2024-11-30T07:35:56 IST" duration-ms="7278">
    <groups>
    </groups>
    <test started-at="2024-11-30T07:35:48 IST" name="Default test" finished-at="2024-11-30T07:35:56 IST" duration-ms="7278">
      <class name="TestScript.RegisterTest">
        <test-method is-config="true" signature="setUpBrowser()[pri:0, instance:TestScript.RegisterTest@28261e8e]" started-at="2024-11-30T07:35:48 IST" name="setUpBrowser" finished-at="2024-11-30T07:35:55 IST" duration-ms="6149" status="PASS">
          <reporter-output>
          </reporter-output>
        </test-method> <!-- setUpBrowser -->
        <test-method signature="inputBox()[pri:0, instance:TestScript.RegisterTest@28261e8e]" started-at="2024-11-30T07:35:55 IST" name="inputBox" finished-at="2024-11-30T07:35:56 IST" duration-ms="1012" status="PASS">
          <reporter-output>
          </reporter-output>
        </test-method> <!-- inputBox -->
        <test-method is-config="true" signature="tearDownBrowser()[pri:0, instance:TestScript.RegisterTest@28261e8e]" started-at="2024-11-30T07:35:56 IST" name="tearDownBrowser" finished-at="2024-11-30T07:35:56 IST" duration-ms="1" status="PASS">
          <reporter-output>
          </reporter-output>
        </test-method> <!-- tearDownBrowser -->
      </class> <!-- TestScript.RegisterTest -->
    </test> <!-- Default test -->
  </suite> <!-- Default suite -->
</testng-results>
