<?xml version="1.0" encoding="UTF-8"?>
<testng-results ignored="0" total="1" passed="1" failed="0" skipped="0">
  <reporter-output>
  </reporter-output>
  <suite started-at="2024-11-30T20:59:45 IST" name="Default suite" finished-at="2024-11-30T21:01:21 IST" duration-ms="96375">
    <groups>
    </groups>
    <test started-at="2024-11-30T20:59:45 IST" name="Default test" finished-at="2024-11-30T21:01:21 IST" duration-ms="96375">
      <class name="TestScript.WindowTest">
        <test-method is-config="true" signature="browserSetUp()[pri:0, instance:TestScript.WindowTest@2d901eb0]" started-at="2024-11-30T20:59:45 IST" name="browserSetUp" finished-at="2024-11-30T21:01:00 IST" duration-ms="74835" status="PASS">
          <reporter-output>
          </reporter-output>
        </test-method> <!-- browserSetUp -->
        <test-method signature="handlingWinows()[pri:0, instance:TestScript.WindowTest@2d901eb0]" started-at="2024-11-30T21:01:00 IST" name="handlingWinows" finished-at="2024-11-30T21:01:21 IST" duration-ms="21399" status="PASS">
          <reporter-output>
          </reporter-output>
        </test-method> <!-- handlingWinows -->
        <test-method is-config="true" signature="browserClose()[pri:0, instance:TestScript.WindowTest@2d901eb0]" started-at="2024-11-30T21:01:21 IST" name="browserClose" finished-at="2024-11-30T21:01:21 IST" duration-ms="2" status="PASS">
          <reporter-output>
          </reporter-output>
        </test-method> <!-- browserClose -->
      </class> <!-- TestScript.WindowTest -->
    </test> <!-- Default test -->
  </suite> <!-- Default suite -->
</testng-results>
